This file contains any messages produced by compilers while
running configure, to aid debugging if configure makes a mistake.

It was created by NCLua configure 1.3.229-2d631-dirty, which was
generated by GNU Autoconf 2.69.  Invocation command line was

  $ ./configure --no-create --no-recursion

## --------- ##
## Platform. ##
## --------- ##

hostname = osboxes
uname -m = x86_64
uname -r = 4.13.0-41-generic
uname -s = Linux
uname -v = #46~16.04.1-Ubuntu SMP Thu May 3 10:06:43 UTC 2018

/usr/bin/uname -p = unknown
/bin/uname -X     = unknown

/bin/arch              = unknown
/usr/bin/arch -k       = unknown
/usr/convex/getsysinfo = unknown
/usr/bin/hostinfo      = unknown
/bin/machine           = unknown
/usr/bin/oslevel       = unknown
/bin/universe          = unknown

PATH: /home/osboxes/bin
PATH: /home/osboxes/.local/bin
PATH: /usr/local/sbin
PATH: /usr/local/bin
PATH: /usr/sbin
PATH: /usr/bin
PATH: /sbin
PATH: /bin
PATH: /usr/games
PATH: /usr/local/games
PATH: /snap/bin


## ----------- ##
## Core tests. ##
## ----------- ##

configure:2672: checking for gcc
configure:2688: found /usr/bin/gcc
configure:2699: result: gcc
configure:2928: checking for C compiler version
configure:2937: gcc --version >&5
gcc (Ubuntu 5.4.0-6ubuntu1~16.04.9) 5.4.0 20160609
Copyright (C) 2015 Free Software Foundation, Inc.
This is free software; see the source for copying conditions.  There is NO
warranty; not even for MERCHANTABILITY or FITNESS FOR A PARTICULAR PURPOSE.

configure:2948: $? = 0
configure:2937: gcc -v >&5
Using built-in specs.
COLLECT_GCC=gcc
COLLECT_LTO_WRAPPER=/usr/lib/gcc/x86_64-linux-gnu/5/lto-wrapper
Target: x86_64-linux-gnu
Configured with: ../src/configure -v --with-pkgversion='Ubuntu 5.4.0-6ubuntu1~16.04.9' --with-bugurl=file:///usr/share/doc/gcc-5/README.Bugs --enable-languages=c,ada,c++,java,go,d,fortran,objc,obj-c++ --prefix=/usr --program-suffix=-5 --enable-shared --enable-linker-build-id --libexecdir=/usr/lib --without-included-gettext --enable-threads=posix --libdir=/usr/lib --enable-nls --with-sysroot=/ --enable-clocale=gnu --enable-libstdcxx-debug --enable-libstdcxx-time=yes --with-default-libstdcxx-abi=new --enable-gnu-unique-object --disable-vtable-verify --enable-libmpx --enable-plugin --with-system-zlib --disable-browser-plugin --enable-java-awt=gtk --enable-gtk-cairo --with-java-home=/usr/lib/jvm/java-1.5.0-gcj-5-amd64/jre --enable-java-home --with-jvm-root-dir=/usr/lib/jvm/java-1.5.0-gcj-5-amd64 --with-jvm-jar-dir=/usr/lib/jvm-exports/java-1.5.0-gcj-5-amd64 --with-arch-directory=amd64 --with-ecj-jar=/usr/share/java/eclipse-ecj.jar --enable-objc-gc --enable-multiarch --disable-werror --with-arch-32=i686 --with-abi=m64 --with-multilib-list=m32,m64,mx32 --enable-multilib --with-tune=generic --enable-checking=release --build=x86_64-linux-gnu --host=x86_64-linux-gnu --target=x86_64-linux-gnu
Thread model: posix
gcc version 5.4.0 20160609 (Ubuntu 5.4.0-6ubuntu1~16.04.9) 
configure:2948: $? = 0
configure:2937: gcc -V >&5
gcc: error: unrecognized command line option '-V'
gcc: fatal error: no input files
compilation terminated.
configure:2948: $? = 1
configure:2937: gcc -qversion >&5
gcc: error: unrecognized command line option '-qversion'
gcc: fatal error: no input files
compilation terminated.
configure:2948: $? = 1
configure:2968: checking whether the C compiler works
configure:2990: gcc    conftest.c  >&5
configure:2994: $? = 0
configure:3042: result: yes
configure:3045: checking for C compiler default output file name
configure:3047: result: a.out
configure:3053: checking for suffix of executables
configure:3060: gcc -o conftest    conftest.c  >&5
configure:3064: $? = 0
configure:3086: result: 
configure:3108: checking whether we are cross compiling
configure:3116: gcc -o conftest    conftest.c  >&5
configure:3120: $? = 0
configure:3127: ./conftest
configure:3131: $? = 0
configure:3146: result: no
configure:3151: checking for suffix of object files
configure:3173: gcc -c   conftest.c >&5
configure:3177: $? = 0
configure:3198: result: o
configure:3202: checking whether we are using the GNU C compiler
configure:3221: gcc -c   conftest.c >&5
configure:3221: $? = 0
configure:3230: result: yes
configure:3239: checking whether gcc accepts -g
configure:3259: gcc -c -g  conftest.c >&5
configure:3259: $? = 0
configure:3300: result: yes
configure:3317: checking for gcc option to accept ISO C89
configure:3380: gcc  -c -g -O2  conftest.c >&5
configure:3380: $? = 0
configure:3393: result: none needed
configure:3418: checking whether gcc understands -c and -o together
configure:3440: gcc -c conftest.c -o conftest2.o
configure:3443: $? = 0
configure:3440: gcc -c conftest.c -o conftest2.o
configure:3443: $? = 0
configure:3455: result: yes
configure:3478: checking how to run the C preprocessor
configure:3509: gcc -E  conftest.c
configure:3509: $? = 0
configure:3523: gcc -E  conftest.c
conftest.c:9:28: fatal error: ac_nonexistent.h: No such file or directory
compilation terminated.
configure:3523: $? = 1
configure: failed program was:
| /* confdefs.h */
| #define PACKAGE_NAME "NCLua"
| #define PACKAGE_TARNAME "nclua"
| #define PACKAGE_VERSION "1.3.229-2d631-dirty"
| #define PACKAGE_STRING "NCLua 1.3.229-2d631-dirty"
| #define PACKAGE_BUGREPORT "alan@telemidia.puc-rio.br"
| #define PACKAGE_URL "http://github.com/telemidia/nclua"
| /* end confdefs.h.  */
| #include <ac_nonexistent.h>
configure:3548: result: gcc -E
configure:3568: gcc -E  conftest.c
configure:3568: $? = 0
configure:3582: gcc -E  conftest.c
conftest.c:9:28: fatal error: ac_nonexistent.h: No such file or directory
compilation terminated.
configure:3582: $? = 1
configure: failed program was:
| /* confdefs.h */
| #define PACKAGE_NAME "NCLua"
| #define PACKAGE_TARNAME "nclua"
| #define PACKAGE_VERSION "1.3.229-2d631-dirty"
| #define PACKAGE_STRING "NCLua 1.3.229-2d631-dirty"
| #define PACKAGE_BUGREPORT "alan@telemidia.puc-rio.br"
| #define PACKAGE_URL "http://github.com/telemidia/nclua"
| /* end confdefs.h.  */
| #include <ac_nonexistent.h>
configure:3611: checking for grep that handles long lines and -e
configure:3669: result: /bin/grep
configure:3674: checking for egrep
configure:3736: result: /bin/grep -E
configure:3741: checking for ANSI C header files
configure:3761: gcc -c -g -O2  conftest.c >&5
configure:3761: $? = 0
configure:3834: gcc -o conftest -g -O2   conftest.c  >&5
configure:3834: $? = 0
configure:3834: ./conftest
configure:3834: $? = 0
configure:3845: result: yes
configure:3858: checking for sys/types.h
configure:3858: gcc -c -g -O2  conftest.c >&5
configure:3858: $? = 0
configure:3858: result: yes
configure:3858: checking for sys/stat.h
configure:3858: gcc -c -g -O2  conftest.c >&5
configure:3858: $? = 0
configure:3858: result: yes
configure:3858: checking for stdlib.h
configure:3858: gcc -c -g -O2  conftest.c >&5
configure:3858: $? = 0
configure:3858: result: yes
configure:3858: checking for string.h
configure:3858: gcc -c -g -O2  conftest.c >&5
configure:3858: $? = 0
configure:3858: result: yes
configure:3858: checking for memory.h
configure:3858: gcc -c -g -O2  conftest.c >&5
configure:3858: $? = 0
configure:3858: result: yes
configure:3858: checking for strings.h
configure:3858: gcc -c -g -O2  conftest.c >&5
configure:3858: $? = 0
configure:3858: result: yes
configure:3858: checking for inttypes.h
configure:3858: gcc -c -g -O2  conftest.c >&5
configure:3858: $? = 0
configure:3858: result: yes
configure:3858: checking for stdint.h
configure:3858: gcc -c -g -O2  conftest.c >&5
configure:3858: $? = 0
configure:3858: result: yes
configure:3858: checking for unistd.h
configure:3858: gcc -c -g -O2  conftest.c >&5
configure:3858: $? = 0
configure:3858: result: yes
configure:3871: checking minix/config.h usability
configure:3871: gcc -c -g -O2  conftest.c >&5
conftest.c:52:26: fatal error: minix/config.h: No such file or directory
compilation terminated.
configure:3871: $? = 1
configure: failed program was:
| /* confdefs.h */
| #define PACKAGE_NAME "NCLua"
| #define PACKAGE_TARNAME "nclua"
| #define PACKAGE_VERSION "1.3.229-2d631-dirty"
| #define PACKAGE_STRING "NCLua 1.3.229-2d631-dirty"
| #define PACKAGE_BUGREPORT "alan@telemidia.puc-rio.br"
| #define PACKAGE_URL "http://github.com/telemidia/nclua"
| #define STDC_HEADERS 1
| #define HAVE_SYS_TYPES_H 1
| #define HAVE_SYS_STAT_H 1
| #define HAVE_STDLIB_H 1
| #define HAVE_STRING_H 1
| #define HAVE_MEMORY_H 1
| #define HAVE_STRINGS_H 1
| #define HAVE_INTTYPES_H 1
| #define HAVE_STDINT_H 1
| #define HAVE_UNISTD_H 1
| /* end confdefs.h.  */
| #include <stdio.h>
| #ifdef HAVE_SYS_TYPES_H
| # include <sys/types.h>
| #endif
| #ifdef HAVE_SYS_STAT_H
| # include <sys/stat.h>
| #endif
| #ifdef STDC_HEADERS
| # include <stdlib.h>
| # include <stddef.h>
| #else
| # ifdef HAVE_STDLIB_H
| #  include <stdlib.h>
| # endif
| #endif
| #ifdef HAVE_STRING_H
| # if !defined STDC_HEADERS && defined HAVE_MEMORY_H
| #  include <memory.h>
| # endif
| # include <string.h>
| #endif
| #ifdef HAVE_STRINGS_H
| # include <strings.h>
| #endif
| #ifdef HAVE_INTTYPES_H
| # include <inttypes.h>
| #endif
| #ifdef HAVE_STDINT_H
| # include <stdint.h>
| #endif
| #ifdef HAVE_UNISTD_H
| # include <unistd.h>
| #endif
| #include <minix/config.h>
configure:3871: result: no
configure:3871: checking minix/config.h presence
configure:3871: gcc -E  conftest.c
conftest.c:19:26: fatal error: minix/config.h: No such file or directory
compilation terminated.
configure:3871: $? = 1
configure: failed program was:
| /* confdefs.h */
| #define PACKAGE_NAME "NCLua"
| #define PACKAGE_TARNAME "nclua"
| #define PACKAGE_VERSION "1.3.229-2d631-dirty"
| #define PACKAGE_STRING "NCLua 1.3.229-2d631-dirty"
| #define PACKAGE_BUGREPORT "alan@telemidia.puc-rio.br"
| #define PACKAGE_URL "http://github.com/telemidia/nclua"
| #define STDC_HEADERS 1
| #define HAVE_SYS_TYPES_H 1
| #define HAVE_SYS_STAT_H 1
| #define HAVE_STDLIB_H 1
| #define HAVE_STRING_H 1
| #define HAVE_MEMORY_H 1
| #define HAVE_STRINGS_H 1
| #define HAVE_INTTYPES_H 1
| #define HAVE_STDINT_H 1
| #define HAVE_UNISTD_H 1
| /* end confdefs.h.  */
| #include <minix/config.h>
configure:3871: result: no
configure:3871: checking for minix/config.h
configure:3871: result: no
configure:3892: checking whether it is safe to define __EXTENSIONS__
configure:3910: gcc -c -g -O2  conftest.c >&5
configure:3910: $? = 0
configure:3917: result: yes
configure:3959: checking for a BSD-compatible install
configure:4027: result: /usr/bin/install -c
configure:4038: checking whether build environment is sane
configure:4093: result: yes
configure:4241: checking for a thread-safe mkdir -p
configure:4280: result: /bin/mkdir -p
configure:4287: checking for gawk
configure:4317: result: no
configure:4287: checking for mawk
configure:4303: found /usr/bin/mawk
configure:4314: result: mawk
configure:4325: checking whether make sets $(MAKE)
configure:4347: result: yes
configure:4377: checking for style of include used by make
configure:4405: result: GNU
configure:4439: checking whether make supports nested variables
configure:4456: result: yes
configure:4541: checking dependency style of gcc
configure:4652: result: gcc3
configure:4721: checking whether make supports nested variables
configure:4738: result: yes
configure:4798: checking for ar
configure:4814: found /usr/bin/ar
configure:4825: result: ar
configure:4851: checking the archiver (ar) interface
configure:4867: gcc -c -g -O2  conftest.c >&5
configure:4867: $? = 0
configure:4869: ar cru libconftest.a conftest.o >&5
ar: `u' modifier ignored since `D' is the default (see `U')
configure:4872: $? = 0
configure:4900: result: ar
configure:4951: checking build system type
configure:4965: result: x86_64-pc-linux-gnu
configure:4985: checking host system type
configure:4998: result: x86_64-pc-linux-gnu
configure:5039: checking how to print strings
configure:5066: result: printf
configure:5087: checking for a sed that does not truncate output
configure:5151: result: /bin/sed
configure:5169: checking for fgrep
configure:5231: result: /bin/grep -F
configure:5266: checking for ld used by gcc
configure:5333: result: /usr/bin/ld
configure:5340: checking if the linker (/usr/bin/ld) is GNU ld
configure:5355: result: yes
configure:5367: checking for BSD- or MS-compatible name lister (nm)
configure:5421: result: /usr/bin/nm -B
configure:5551: checking the name lister (/usr/bin/nm -B) interface
configure:5558: gcc -c -g -O2  conftest.c >&5
configure:5561: /usr/bin/nm -B "conftest.o"
configure:5564: output
0000000000000000 B some_variable
configure:5571: result: BSD nm
configure:5574: checking whether ln -s works
configure:5578: result: yes
configure:5586: checking the maximum length of command line arguments
configure:5717: result: 1572864
configure:5765: checking how to convert x86_64-pc-linux-gnu file names to x86_64-pc-linux-gnu format
configure:5805: result: func_convert_file_noop
configure:5812: checking how to convert x86_64-pc-linux-gnu file names to toolchain format
configure:5832: result: func_convert_file_noop
configure:5839: checking for /usr/bin/ld option to reload object files
configure:5846: result: -r
configure:5920: checking for objdump
configure:5936: found /usr/bin/objdump
configure:5947: result: objdump
configure:5976: checking how to recognize dependent libraries
configure:6176: result: pass_all
configure:6261: checking for dlltool
configure:6291: result: no
configure:6318: checking how to associate runtime and link libraries
configure:6345: result: printf %s\n
configure:6469: checking for archiver @FILE support
configure:6486: gcc -c -g -O2  conftest.c >&5
configure:6486: $? = 0
configure:6489: ar cru libconftest.a @conftest.lst >&5
ar: `u' modifier ignored since `D' is the default (see `U')
configure:6492: $? = 0
configure:6497: ar cru libconftest.a @conftest.lst >&5
ar: `u' modifier ignored since `D' is the default (see `U')
ar: conftest.o: No such file or directory
configure:6500: $? = 1
configure:6512: result: @
configure:6570: checking for strip
configure:6586: found /usr/bin/strip
configure:6597: result: strip
configure:6669: checking for ranlib
configure:6685: found /usr/bin/ranlib
configure:6696: result: ranlib
configure:6798: checking command to parse /usr/bin/nm -B output from gcc object
configure:6951: gcc -c -g -O2  conftest.c >&5
configure:6954: $? = 0
configure:6958: /usr/bin/nm -B conftest.o \| sed -n -e 's/^.*[ ]\([ABCDGIRSTW][ABCDGIRSTW]*\)[ ][ ]*\([_A-Za-z][_A-Za-z0-9]*\)$/\1 \2 \2/p' | sed '/ __gnu_lto/d' \> conftest.nm
configure:6961: $? = 0
configure:7027: gcc -o conftest -g -O2   conftest.c conftstm.o >&5
configure:7030: $? = 0
configure:7068: result: ok
configure:7115: checking for sysroot
configure:7145: result: no
configure:7152: checking for a working dd
configure:7190: result: /bin/dd
configure:7194: checking how to truncate binary pipes
configure:7209: result: /bin/dd bs=4096 count=1
configure:7345: gcc -c -g -O2  conftest.c >&5
configure:7348: $? = 0
configure:7538: checking for mt
configure:7554: found /bin/mt
configure:7565: result: mt
configure:7588: checking if mt is a manifest tool
configure:7594: mt '-?'
configure:7602: result: no
configure:8276: checking for dlfcn.h
configure:8276: gcc -c -g -O2  conftest.c >&5
configure:8276: $? = 0
configure:8276: result: yes
configure:8830: checking for objdir
configure:8845: result: .libs
configure:9109: checking if gcc supports -fno-rtti -fno-exceptions
configure:9127: gcc -c -g -O2  -fno-rtti -fno-exceptions conftest.c >&5
cc1: warning: command line option '-fno-rtti' is valid for C++/ObjC++ but not for C
configure:9131: $? = 0
configure:9144: result: no
configure:9502: checking for gcc option to produce PIC
configure:9509: result: -fPIC -DPIC
configure:9517: checking if gcc PIC flag -fPIC -DPIC works
configure:9535: gcc -c -g -O2  -fPIC -DPIC -DPIC conftest.c >&5
configure:9539: $? = 0
configure:9552: result: yes
configure:9581: checking if gcc static flag -static works
configure:9609: result: yes
configure:9624: checking if gcc supports -c -o file.o
configure:9645: gcc -c -g -O2  -o out/conftest2.o conftest.c >&5
configure:9649: $? = 0
configure:9671: result: yes
configure:9679: checking if gcc supports -c -o file.o
configure:9726: result: yes
configure:9759: checking whether the gcc linker (/usr/bin/ld -m elf_x86_64) supports shared libraries
configure:11022: result: yes
configure:11059: checking whether -lc should be explicitly linked in
configure:11067: gcc -c -g -O2  conftest.c >&5
configure:11070: $? = 0
configure:11085: gcc -shared  -fPIC -DPIC conftest.o  -v -Wl,-soname -Wl,conftest -o conftest 2\>\&1 \| /bin/grep  -lc  \>/dev/null 2\>\&1
configure:11088: $? = 0
configure:11102: result: no
configure:11262: checking dynamic linker characteristics
configure:11843: gcc -o conftest -g -O2   -Wl,-rpath -Wl,/foo conftest.c  >&5
configure:11843: $? = 0
configure:12092: result: GNU/Linux ld.so
configure:12214: checking how to hardcode library paths into programs
configure:12239: result: immediate
configure:12787: checking whether stripping libraries is possible
configure:12792: result: yes
configure:12827: checking if libtool supports shared libraries
configure:12829: result: yes
configure:12832: checking whether to build shared libraries
configure:12857: result: yes
configure:12860: checking whether to build static libraries
configure:12864: result: yes
configure:12957: checking for an ANSI C-conforming const
configure:13023: gcc -c -g -O2  conftest.c >&5
configure:13023: $? = 0
configure:13030: result: yes
configure:13045: checking if gcc supports -pipe
configure:13063: gcc -c -g -O2  -pipe -c conftest.c conftest.c >&5
configure:13067: $? = 0
configure:13080: result: yes
configure:13095: checking whether the -Werror option is usable
configure:13114: gcc -c -g -O2 -pipe -Werror  conftest.c >&5
configure:13114: $? = 0
configure:13123: result: yes
configure:13125: checking for simple visibility declarations
configure:13152: gcc -c -g -O2 -pipe -fvisibility=hidden -Werror  conftest.c >&5
configure:13152: $? = 0
configure:13161: result: yes
configure:13241: checking for pkg-config
configure:13259: found /usr/bin/pkg-config
configure:13271: result: /usr/bin/pkg-config
configure:13296: checking pkg-config is at least version 0.9.0
configure:13299: result: yes
configure:13325: checking for perl5.005 or newer
configure:13349: result: yes
configure:13370: checking for m4
configure:13386: found /usr/bin/m4
configure:13397: result: m4
configure:13428: checking what extension is used for runtime loadable modules
configure:13440: result: .so
configure:13467: checking for native Win32
configure:13476: result: no
configure:14335: checking whether C compiler handles -Werror -Wunknown-warning-option
configure:14354: gcc -o conftest -g -O2 -pipe  -Werror -Wunknown-warning-option   conftest.c  >&5
gcc: error: unrecognized command line option '-Wunknown-warning-option'
configure:14354: $? = 1
configure: failed program was:
| /* confdefs.h */
| #define PACKAGE_NAME "NCLua"
| #define PACKAGE_TARNAME "nclua"
| #define PACKAGE_VERSION "1.3.229-2d631-dirty"
| #define PACKAGE_STRING "NCLua 1.3.229-2d631-dirty"
| #define PACKAGE_BUGREPORT "alan@telemidia.puc-rio.br"
| #define PACKAGE_URL "http://github.com/telemidia/nclua"
| #define STDC_HEADERS 1
| #define HAVE_SYS_TYPES_H 1
| #define HAVE_SYS_STAT_H 1
| #define HAVE_STDLIB_H 1
| #define HAVE_STRING_H 1
| #define HAVE_MEMORY_H 1
| #define HAVE_STRINGS_H 1
| #define HAVE_INTTYPES_H 1
| #define HAVE_STDINT_H 1
| #define HAVE_UNISTD_H 1
| #define __EXTENSIONS__ 1
| #define _ALL_SOURCE 1
| #define _GNU_SOURCE 1
| #define _POSIX_PTHREAD_SEMANTICS 1
| #define _TANDEM_SOURCE 1
| #define PACKAGE "nclua"
| #define VERSION "1.3.229-2d631-dirty"
| #define HAVE_DLFCN_H 1
| #define LT_OBJDIR ".libs/"
| #define HAVE_VISIBILITY 1
| #define LT_MODULE_EXT ".so"
| /* end confdefs.h.  */
| 
| int
| main ()
| {
| 
|   ;
|   return 0;
| }
configure:14364: result: no
configure:15026: checking for cos in -lm
configure:15051: gcc -o conftest -g -O2 -pipe   conftest.c -lm   >&5
conftest.c:37:6: warning: conflicting types for built-in function 'cos'
 char cos ();
      ^
configure:15051: $? = 0
configure:15060: result: yes
configure:15123: $PKG_CONFIG --exists --print-errors "lua >= $au_lua_min_version"
Package lua was not found in the pkg-config search path.
Perhaps you should add the directory containing `lua.pc'
to the PKG_CONFIG_PATH environment variable
No package 'lua' found
configure:15126: $? = 1
configure:15136: $PKG_CONFIG --exists --print-errors "${au_lua_prefix}${au_lua_min} >= $au_lua_min_version"
Package lua53 was not found in the pkg-config search path.
Perhaps you should add the directory containing `lua53.pc'
to the PKG_CONFIG_PATH environment variable
No package 'lua53' found
configure:15139: $? = 1
configure:15136: $PKG_CONFIG --exists --print-errors "${au_lua_prefix}${au_lua_min} >= $au_lua_min_version"
Package lua5.3 was not found in the pkg-config search path.
Perhaps you should add the directory containing `lua5.3.pc'
to the PKG_CONFIG_PATH environment variable
No package 'lua5.3' found
configure:15139: $? = 1
configure:15136: $PKG_CONFIG --exists --print-errors "${au_lua_prefix}${au_lua_min} >= $au_lua_min_version"
Package lua-53 was not found in the pkg-config search path.
Perhaps you should add the directory containing `lua-53.pc'
to the PKG_CONFIG_PATH environment variable
No package 'lua-53' found
configure:15139: $? = 1
configure:15136: $PKG_CONFIG --exists --print-errors "${au_lua_prefix}${au_lua_min} >= $au_lua_min_version"
Package lua-5.3 was not found in the pkg-config search path.
Perhaps you should add the directory containing `lua-5.3.pc'
to the PKG_CONFIG_PATH environment variable
No package 'lua-5.3' found
configure:15139: $? = 1
configure:15136: $PKG_CONFIG --exists --print-errors "${au_lua_prefix}${au_lua_min} >= $au_lua_min_version"
configure:15139: $? = 0
configure:15160: checking for LUA
configure:15167: $PKG_CONFIG --exists --print-errors "$au_lua_pc >= $au_lua_min_version"
configure:15170: $? = 0
configure:15184: $PKG_CONFIG --exists --print-errors "$au_lua_pc >= $au_lua_min_version"
configure:15187: $? = 0
configure:15225: result: yes
configure:15233: checking if we can build a program using LUA
configure:15263: gcc -c -g -O2 -pipe -I/usr/include/lua5.2  -I/usr/include/lua5.2 conftest.c >&5
configure:15263: $? = 0
configure:15281: result: yes
configure:15288: checking if we can link a program to LUA
configure:15313: gcc -o conftest -g -O2 -pipe   -I/usr/include/lua5.2  conftest.c  -llua5.2 >&5
conftest.c: In function 'main':
conftest.c:35:1: warning: implicit declaration of function 'lua_pushnil' [-Wimplicit-function-declaration]
 lua_pushnil (0);
 ^
configure:15313: $? = 0
configure:15332: result: yes
configure:15417: checking the exact version of the lua we're using
configure:15451: gcc -o conftest -g -O2 -pipe -I/usr/include/lua5.2  -I/usr/include/lua5.2  conftest.c  -llua5.2 >&5
configure:15451: $? = 0
configure:15451: ./conftest
configure:15451: $? = 1
configure: program exited with status 1
configure: failed program was:
| /* confdefs.h */
| #define PACKAGE_NAME "NCLua"
| #define PACKAGE_TARNAME "nclua"
| #define PACKAGE_VERSION "1.3.229-2d631-dirty"
| #define PACKAGE_STRING "NCLua 1.3.229-2d631-dirty"
| #define PACKAGE_BUGREPORT "alan@telemidia.puc-rio.br"
| #define PACKAGE_URL "http://github.com/telemidia/nclua"
| #define STDC_HEADERS 1
| #define HAVE_SYS_TYPES_H 1
| #define HAVE_SYS_STAT_H 1
| #define HAVE_STDLIB_H 1
| #define HAVE_STRING_H 1
| #define HAVE_MEMORY_H 1
| #define HAVE_STRINGS_H 1
| #define HAVE_INTTYPES_H 1
| #define HAVE_STDINT_H 1
| #define HAVE_UNISTD_H 1
| #define __EXTENSIONS__ 1
| #define _ALL_SOURCE 1
| #define _GNU_SOURCE 1
| #define _POSIX_PTHREAD_SEMANTICS 1
| #define _TANDEM_SOURCE 1
| #define PACKAGE "nclua"
| #define VERSION "1.3.229-2d631-dirty"
| #define HAVE_DLFCN_H 1
| #define LT_OBJDIR ".libs/"
| #define HAVE_VISIBILITY 1
| #define LT_MODULE_EXT ".so"
| #define LUA_REQUIRED_VERSION 502
| /* end confdefs.h.  */
| 
| #include <lua.h>
| 
| int
| main ()
| {
| return !(((int) *lua_version (0)) == 501);
|   ;
|   return 0;
| }
configure:15473: gcc -o conftest -g -O2 -pipe -I/usr/include/lua5.2  -I/usr/include/lua5.2  conftest.c  -llua5.2 >&5
configure:15473: $? = 0
configure:15473: ./conftest
configure:15473: $? = 0
configure:15525: result: 5.2
configure:15587: checking for CAIRO
configure:15594: $PKG_CONFIG --exists --print-errors "cairo >= 1.10.2"
configure:15597: $? = 0
configure:15611: $PKG_CONFIG --exists --print-errors "cairo >= 1.10.2"
configure:15614: $? = 0
configure:15672: result: yes
configure:15693: checking if we can build a program using CAIRO
configure:15726: gcc -c -g -O2 -pipe -I/usr/include/cairo -I/usr/include/glib-2.0 -I/usr/lib/x86_64-linux-gnu/glib-2.0/include -I/usr/include/pixman-1 -I/usr/include/freetype2 -I/usr/include/libpng12  -I/usr/include/cairo -I/usr/include/glib-2.0 -I/usr/lib/x86_64-linux-gnu/glib-2.0/include -I/usr/include/pixman-1 -I/usr/include/freetype2 -I/usr/include/libpng12 conftest.c >&5
configure:15726: $? = 0
configure:15744: result: yes
configure:15754: checking if we can link a program to CAIRO
configure:15779: gcc -o conftest -g -O2 -pipe   -I/usr/include/cairo -I/usr/include/glib-2.0 -I/usr/lib/x86_64-linux-gnu/glib-2.0/include -I/usr/include/pixman-1 -I/usr/include/freetype2 -I/usr/include/libpng12  conftest.c  -lcairo >&5
conftest.c: In function 'main':
conftest.c:38:1: warning: implicit declaration of function 'cairo_create' [-Wimplicit-function-declaration]
 cairo_create (0);
 ^
configure:15779: $? = 0
configure:15798: result: yes
configure:15824: checking for GLIB
configure:15831: $PKG_CONFIG --exists --print-errors "glib-2.0 >= 2.32.4   gobject-2.0 >= 2.32.4"
configure:15834: $? = 0
configure:15848: $PKG_CONFIG --exists --print-errors "glib-2.0 >= 2.32.4   gobject-2.0 >= 2.32.4"
configure:15851: $? = 0
configure:15909: result: yes
configure:15930: checking if we can build a program using GLIB
configure:15963: gcc -c -g -O2 -pipe -I/usr/include/glib-2.0 -I/usr/lib/x86_64-linux-gnu/glib-2.0/include  -I/usr/include/glib-2.0 -I/usr/lib/x86_64-linux-gnu/glib-2.0/include conftest.c >&5
configure:15963: $? = 0
configure:15981: result: yes
configure:15991: checking if we can link a program to GLIB
configure:16016: gcc -o conftest -g -O2 -pipe   -I/usr/include/glib-2.0 -I/usr/lib/x86_64-linux-gnu/glib-2.0/include  conftest.c  -lgobject-2.0 -lglib-2.0 >&5
conftest.c: In function 'main':
conftest.c:41:1: warning: implicit declaration of function 'glib_check_version' [-Wimplicit-function-declaration]
 glib_check_version (0, 0, 0);
 ^
configure:16016: $? = 0
configure:16035: result: yes
configure:16048: checking if g_type_init must be explicitly called
configure:16074: gcc -c -g -O2 -pipe -I/usr/include/glib-2.0 -I/usr/lib/x86_64-linux-gnu/glib-2.0/include  conftest.c >&5
configure:16074: $? = 0
configure:16092: result: no
configure:16108: checking for PANGO
configure:16115: $PKG_CONFIG --exists --print-errors "pango >= 1.30.0   pangocairo >= 1.30.0"
configure:16118: $? = 0
configure:16132: $PKG_CONFIG --exists --print-errors "pango >= 1.30.0   pangocairo >= 1.30.0"
configure:16135: $? = 0
configure:16193: result: yes
configure:16214: checking if we can build a program using PANGO
configure:16248: gcc -c -g -O2 -pipe -I/usr/include/pango-1.0 -I/usr/include/harfbuzz -I/usr/include/pango-1.0 -I/usr/include/cairo -I/usr/include/glib-2.0 -I/usr/lib/x86_64-linux-gnu/glib-2.0/include -I/usr/include/pixman-1 -I/usr/include/freetype2 -I/usr/include/libpng12  -I/usr/include/pango-1.0 -I/usr/include/harfbuzz -I/usr/include/pango-1.0 -I/usr/include/cairo -I/usr/include/glib-2.0 -I/usr/lib/x86_64-linux-gnu/glib-2.0/include -I/usr/include/pixman-1 -I/usr/include/freetype2 -I/usr/include/libpng12 conftest.c >&5
configure:16248: $? = 0
configure:16266: result: yes
configure:16276: checking if we can link a program to PANGO
configure:16304: gcc -o conftest -g -O2 -pipe   -I/usr/include/pango-1.0 -I/usr/include/harfbuzz -I/usr/include/pango-1.0 -I/usr/include/cairo -I/usr/include/glib-2.0 -I/usr/lib/x86_64-linux-gnu/glib-2.0/include -I/usr/include/pixman-1 -I/usr/include/freetype2 -I/usr/include/libpng12  conftest.c  -lpangocairo-1.0 -lpango-1.0 -lgobject-2.0 -lglib-2.0 -lcairo >&5
conftest.c: In function 'main':
conftest.c:45:1: warning: implicit declaration of function 'pango_context_new' [-Wimplicit-function-declaration]
 pango_context_new ();
 ^
conftest.c:46:1: warning: implicit declaration of function 'pango_cairo_create_context' [-Wimplicit-function-declaration]
 pango_cairo_create_context (0);
 ^
configure:16304: $? = 0
configure:16323: result: yes
configure:16355: checking for GIO
configure:16362: $PKG_CONFIG --exists --print-errors "gio-2.0 >= 2.32.4"
configure:16365: $? = 0
configure:16379: $PKG_CONFIG --exists --print-errors "gio-2.0 >= 2.32.4"
configure:16382: $? = 0
configure:16420: result: yes
configure:16428: checking if we can build a program using GIO
configure:16458: gcc -c -g -O2 -pipe -pthread -I/usr/include/glib-2.0 -I/usr/lib/x86_64-linux-gnu/glib-2.0/include  -pthread -I/usr/include/glib-2.0 -I/usr/lib/x86_64-linux-gnu/glib-2.0/include conftest.c >&5
configure:16458: $? = 0
configure:16476: result: yes
configure:16483: checking if we can link a program to GIO
configure:16508: gcc -o conftest -g -O2 -pipe   -pthread -I/usr/include/glib-2.0 -I/usr/lib/x86_64-linux-gnu/glib-2.0/include  conftest.c  -lgio-2.0 -lgobject-2.0 -lglib-2.0 >&5
conftest.c: In function 'main':
conftest.c:44:1: warning: implicit declaration of function 'g_socket_client_new' [-Wimplicit-function-declaration]
 g_socket_client_new ();
 ^
configure:16508: $? = 0
configure:16527: result: yes
configure:16549: checking whether to build the tcp event class
configure:16551: result: yes
configure:16637: checking for SOUP
configure:16644: $PKG_CONFIG --exists --print-errors "libsoup-2.4 >= 2.42"
configure:16647: $? = 0
configure:16661: $PKG_CONFIG --exists --print-errors "libsoup-2.4 >= 2.42"
configure:16664: $? = 0
configure:16702: result: yes
configure:16710: checking if we can build a program using SOUP
configure:16743: gcc -c -g -O2 -pipe -pthread -I/usr/include/libsoup-2.4 -I/usr/include/libxml2 -I/usr/include/glib-2.0 -I/usr/lib/x86_64-linux-gnu/glib-2.0/include  -pthread -I/usr/include/libsoup-2.4 -I/usr/include/libxml2 -I/usr/include/glib-2.0 -I/usr/lib/x86_64-linux-gnu/glib-2.0/include conftest.c >&5
configure:16743: $? = 0
configure:16761: result: yes
configure:16768: checking if we can link a program to SOUP
configure:16793: gcc -o conftest -g -O2 -pipe   -pthread -I/usr/include/libsoup-2.4 -I/usr/include/libxml2 -I/usr/include/glib-2.0 -I/usr/lib/x86_64-linux-gnu/glib-2.0/include  conftest.c  -lsoup-2.4 -lgio-2.0 -lgobject-2.0 -lglib-2.0 >&5
conftest.c: In function 'main':
conftest.c:49:1: warning: implicit declaration of function 'soup_session_new_with_options' [-Wimplicit-function-declaration]
 soup_session_new_with_options (0, 0, 0);
 ^
configure:16793: $? = 0
configure:16812: result: yes
configure:16834: checking whether to build the http event class
configure:16836: result: yes
configure:16895: checking for CURL
configure:16902: $PKG_CONFIG --exists --print-errors "libcurl-7.10.1 >= 2.42"
Package libcurl-7.10.1 was not found in the pkg-config search path.
Perhaps you should add the directory containing `libcurl-7.10.1.pc'
to the PKG_CONFIG_PATH environment variable
No package 'libcurl-7.10.1' found
configure:16905: $? = 1
configure:16919: $PKG_CONFIG --exists --print-errors "libcurl-7.10.1 >= 2.42"
Package libcurl-7.10.1 was not found in the pkg-config search path.
Perhaps you should add the directory containing `libcurl-7.10.1.pc'
to the PKG_CONFIG_PATH environment variable
No package 'libcurl-7.10.1' found
configure:16922: $? = 1
configure:16936: result: no
No package 'libcurl-7.10.1' found
configure:17092: checking whether to build the http event class
configure:17094: result: no
configure:17153: checking for GSTREAMER
configure:17160: $PKG_CONFIG --exists --print-errors "gstreamer-1.0 >= 1.4.0   gstreamer-video-1.0 >= 1.4.0"
configure:17163: $? = 0
configure:17177: $PKG_CONFIG --exists --print-errors "gstreamer-1.0 >= 1.4.0   gstreamer-video-1.0 >= 1.4.0"
configure:17180: $? = 0
configure:17218: result: yes
configure:17226: checking if we can build a program using GSTREAMER
configure:17260: gcc -c -g -O2 -pipe -pthread -I/usr/include/gstreamer-1.0 -I/usr/lib/x86_64-linux-gnu/gstreamer-1.0/include -I/usr/include/glib-2.0 -I/usr/lib/x86_64-linux-gnu/glib-2.0/include  -pthread -I/usr/include/gstreamer-1.0 -I/usr/lib/x86_64-linux-gnu/gstreamer-1.0/include -I/usr/include/glib-2.0 -I/usr/lib/x86_64-linux-gnu/glib-2.0/include conftest.c >&5
configure:17260: $? = 0
configure:17278: result: yes
configure:17285: checking if we can link a program to GSTREAMER
configure:17313: gcc -o conftest -g -O2 -pipe   -pthread -I/usr/include/gstreamer-1.0 -I/usr/lib/x86_64-linux-gnu/gstreamer-1.0/include -I/usr/include/glib-2.0 -I/usr/lib/x86_64-linux-gnu/glib-2.0/include  conftest.c  -lgstvideo-1.0 -lgstbase-1.0 -lgstreamer-1.0 -lgobject-2.0 -lglib-2.0 >&5
conftest.c: In function 'main':
conftest.c:57:1: warning: implicit declaration of function 'gst_init' [-Wimplicit-function-declaration]
 gst_init (0, 0);
 ^
conftest.c:58:1: warning: implicit declaration of function 'gst_video_info_from_caps' [-Wimplicit-function-declaration]
 gst_video_info_from_caps (0, 0);
 ^
configure:17313: $? = 0
configure:17332: result: yes
configure:17354: checking whether to build the NCLua plugin for GStreamer
configure:17356: result: yes
configure:17429: checking for GTK
configure:17436: $PKG_CONFIG --exists --print-errors "gtk+-3.0 >= 3.4.2"
configure:17439: $? = 0
configure:17453: $PKG_CONFIG --exists --print-errors "gtk+-3.0 >= 3.4.2"
configure:17456: $? = 0
configure:17494: result: yes
configure:17502: checking if we can build a program using GTK
configure:17535: gcc -c -g -O2 -pipe -pthread -I/usr/include/gtk-3.0 -I/usr/include/at-spi2-atk/2.0 -I/usr/include/at-spi-2.0 -I/usr/include/dbus-1.0 -I/usr/lib/x86_64-linux-gnu/dbus-1.0/include -I/usr/include/gtk-3.0 -I/usr/include/gio-unix-2.0/ -I/usr/include/mirclient -I/usr/include/mircore -I/usr/include/mircookie -I/usr/include/cairo -I/usr/include/pango-1.0 -I/usr/include/harfbuzz -I/usr/include/pango-1.0 -I/usr/include/atk-1.0 -I/usr/include/cairo -I/usr/include/pixman-1 -I/usr/include/freetype2 -I/usr/include/libpng12 -I/usr/include/gdk-pixbuf-2.0 -I/usr/include/libpng12 -I/usr/include/glib-2.0 -I/usr/lib/x86_64-linux-gnu/glib-2.0/include  -pthread -I/usr/include/gtk-3.0 -I/usr/include/at-spi2-atk/2.0 -I/usr/include/at-spi-2.0 -I/usr/include/dbus-1.0 -I/usr/lib/x86_64-linux-gnu/dbus-1.0/include -I/usr/include/gtk-3.0 -I/usr/include/gio-unix-2.0/ -I/usr/include/mirclient -I/usr/include/mircore -I/usr/include/mircookie -I/usr/include/cairo -I/usr/include/pango-1.0 -I/usr/include/harfbuzz -I/usr/include/pango-1.0 -I/usr/include/atk-1.0 -I/usr/include/cairo -I/usr/include/pixman-1 -I/usr/include/freetype2 -I/usr/include/libpng12 -I/usr/include/gdk-pixbuf-2.0 -I/usr/include/libpng12 -I/usr/include/glib-2.0 -I/usr/lib/x86_64-linux-gnu/glib-2.0/include conftest.c >&5
configure:17535: $? = 0
configure:17553: result: yes
configure:17560: checking if we can link a program to GTK
configure:17585: gcc -o conftest -g -O2 -pipe   -pthread -I/usr/include/gtk-3.0 -I/usr/include/at-spi2-atk/2.0 -I/usr/include/at-spi-2.0 -I/usr/include/dbus-1.0 -I/usr/lib/x86_64-linux-gnu/dbus-1.0/include -I/usr/include/gtk-3.0 -I/usr/include/gio-unix-2.0/ -I/usr/include/mirclient -I/usr/include/mircore -I/usr/include/mircookie -I/usr/include/cairo -I/usr/include/pango-1.0 -I/usr/include/harfbuzz -I/usr/include/pango-1.0 -I/usr/include/atk-1.0 -I/usr/include/cairo -I/usr/include/pixman-1 -I/usr/include/freetype2 -I/usr/include/libpng12 -I/usr/include/gdk-pixbuf-2.0 -I/usr/include/libpng12 -I/usr/include/glib-2.0 -I/usr/lib/x86_64-linux-gnu/glib-2.0/include  conftest.c  -lgtk-3 -lgdk-3 -lpangocairo-1.0 -lpango-1.0 -latk-1.0 -lcairo-gobject -lcairo -lgdk_pixbuf-2.0 -lgio-2.0 -lgobject-2.0 -lglib-2.0 >&5
conftest.c: In function 'main':
conftest.c:60:1: warning: implicit declaration of function 'gtk_init' [-Wimplicit-function-declaration]
 gtk_init (0, 0);
 ^
configure:17585: $? = 0
configure:17604: result: yes
configure:17626: checking whether to build the nclua GTK interpreter
configure:17628: result: yes
configure:17771: checking that generated files are newer than configure
configure:17777: result: done
configure:17888: creating ./config.status
configure:20062: summary of main build options:

  version:            1.3.229-2d631-dirty
  host type:          x86_64-pc-linux-gnu
  install prefix:     /usr/local
  compiler:           gcc
  cppflags:           
  cflags:             -g -O2 -pipe
  ldflags:            
  warning flags:       
  library types:      Shared=yes, Static=yes
  valgrind:           

  build http:         no	(requires: libcurl-7.10.1 >= 2.42)
  build tcp:          yes
  build gstnclua:     yes
  build nclua binary: yes


## ---------------- ##
## Cache variables. ##
## ---------------- ##

ac_cv_build=x86_64-pc-linux-gnu
ac_cv_c_compiler_gnu=yes
ac_cv_c_const=yes
ac_cv_env_CAIRO_CFLAGS_set=
ac_cv_env_CAIRO_CFLAGS_value=
ac_cv_env_CAIRO_LIBS_set=
ac_cv_env_CAIRO_LIBS_value=
ac_cv_env_CC_set=
ac_cv_env_CC_value=
ac_cv_env_CFLAGS_set=
ac_cv_env_CFLAGS_value=
ac_cv_env_CPPFLAGS_set=
ac_cv_env_CPPFLAGS_value=
ac_cv_env_CPP_set=
ac_cv_env_CPP_value=
ac_cv_env_CURL_CFLAGS_set=
ac_cv_env_CURL_CFLAGS_value=
ac_cv_env_CURL_LIBS_set=
ac_cv_env_CURL_LIBS_value=
ac_cv_env_GIO_CFLAGS_set=
ac_cv_env_GIO_CFLAGS_value=
ac_cv_env_GIO_LIBS_set=
ac_cv_env_GIO_LIBS_value=
ac_cv_env_GLIB_CFLAGS_set=
ac_cv_env_GLIB_CFLAGS_value=
ac_cv_env_GLIB_LIBS_set=
ac_cv_env_GLIB_LIBS_value=
ac_cv_env_GSTREAMER_CFLAGS_set=
ac_cv_env_GSTREAMER_CFLAGS_value=
ac_cv_env_GSTREAMER_LIBS_set=
ac_cv_env_GSTREAMER_LIBS_value=
ac_cv_env_GTK_CFLAGS_set=
ac_cv_env_GTK_CFLAGS_value=
ac_cv_env_GTK_LIBS_set=
ac_cv_env_GTK_LIBS_value=
ac_cv_env_LDFLAGS_set=
ac_cv_env_LDFLAGS_value=
ac_cv_env_LIBS_set=
ac_cv_env_LIBS_value=
ac_cv_env_LT_SYS_LIBRARY_PATH_set=
ac_cv_env_LT_SYS_LIBRARY_PATH_value=
ac_cv_env_LUA_CFLAGS_set=
ac_cv_env_LUA_CFLAGS_value=
ac_cv_env_LUA_LIBS_set=
ac_cv_env_LUA_LIBS_value=
ac_cv_env_PANGO_CFLAGS_set=
ac_cv_env_PANGO_CFLAGS_value=
ac_cv_env_PANGO_LIBS_set=
ac_cv_env_PANGO_LIBS_value=
ac_cv_env_PKG_CONFIG_LIBDIR_set=
ac_cv_env_PKG_CONFIG_LIBDIR_value=
ac_cv_env_PKG_CONFIG_PATH_set=
ac_cv_env_PKG_CONFIG_PATH_value=
ac_cv_env_PKG_CONFIG_set=
ac_cv_env_PKG_CONFIG_value=
ac_cv_env_SOUP_CFLAGS_set=
ac_cv_env_SOUP_CFLAGS_value=
ac_cv_env_SOUP_LIBS_set=
ac_cv_env_SOUP_LIBS_value=
ac_cv_env_build_alias_set=
ac_cv_env_build_alias_value=
ac_cv_env_host_alias_set=
ac_cv_env_host_alias_value=
ac_cv_env_target_alias_set=
ac_cv_env_target_alias_value=
ac_cv_header_dlfcn_h=yes
ac_cv_header_inttypes_h=yes
ac_cv_header_memory_h=yes
ac_cv_header_minix_config_h=no
ac_cv_header_stdc=yes
ac_cv_header_stdint_h=yes
ac_cv_header_stdlib_h=yes
ac_cv_header_string_h=yes
ac_cv_header_strings_h=yes
ac_cv_header_sys_stat_h=yes
ac_cv_header_sys_types_h=yes
ac_cv_header_unistd_h=yes
ac_cv_host=x86_64-pc-linux-gnu
ac_cv_lib_m_cos=yes
ac_cv_objext=o
ac_cv_path_EGREP='/bin/grep -E'
ac_cv_path_FGREP='/bin/grep -F'
ac_cv_path_GREP=/bin/grep
ac_cv_path_SED=/bin/sed
ac_cv_path_ac_pt_PKG_CONFIG=/usr/bin/pkg-config
ac_cv_path_install='/usr/bin/install -c'
ac_cv_path_lt_DD=/bin/dd
ac_cv_path_mkdir=/bin/mkdir
ac_cv_prog_AWK=mawk
ac_cv_prog_CPP='gcc -E'
ac_cv_prog_M4=m4
ac_cv_prog_ac_ct_AR=ar
ac_cv_prog_ac_ct_CC=gcc
ac_cv_prog_ac_ct_MANIFEST_TOOL=mt
ac_cv_prog_ac_ct_OBJDUMP=objdump
ac_cv_prog_ac_ct_RANLIB=ranlib
ac_cv_prog_ac_ct_STRIP=strip
ac_cv_prog_cc_c89=
ac_cv_prog_cc_g=yes
ac_cv_prog_make_make_set=yes
ac_cv_safe_to_define___extensions__=yes
am_cv_CC_dependencies_compiler_type=gcc3
am_cv_ar_interface=ar
am_cv_make_support_nested_variables=yes
am_cv_prog_cc_c_o=yes
au_cv_prog_compiler_pipe=yes
gl_cv_cc_vis_werror=yes
gl_cv_cc_visibility=yes
gl_cv_warn_c__Werror__Wunknown_warning_option=no
libltdl_cv_shlibext=.so
libltdl_cv_shrext=.so
lt_cv_ar_at_file=@
lt_cv_archive_cmds_need_lc=no
lt_cv_deplibs_check_method=pass_all
lt_cv_file_magic_cmd='$MAGIC_CMD'
lt_cv_file_magic_test_file=
lt_cv_ld_reload_flag=-r
lt_cv_nm_interface='BSD nm'
lt_cv_objdir=.libs
lt_cv_path_LD=/usr/bin/ld
lt_cv_path_NM='/usr/bin/nm -B'
lt_cv_path_mainfest_tool=no
lt_cv_prog_compiler_c_o=yes
lt_cv_prog_compiler_pic='-fPIC -DPIC'
lt_cv_prog_compiler_pic_works=yes
lt_cv_prog_compiler_rtti_exceptions=no
lt_cv_prog_compiler_static_works=yes
lt_cv_prog_gnu_ld=yes
lt_cv_sharedlib_from_linklib_cmd='printf %s\n'
lt_cv_shlibpath_overrides_runpath=no
lt_cv_sys_global_symbol_pipe='sed -n -e '\''s/^.*[	 ]\([ABCDGIRSTW][ABCDGIRSTW]*\)[	 ][	 ]*\([_A-Za-z][_A-Za-z0-9]*\)$/\1 \2 \2/p'\'' | sed '\''/ __gnu_lto/d'\'''
lt_cv_sys_global_symbol_to_c_name_address='sed -n -e '\''s/^: \(.*\) .*$/  {"\1", (void *) 0},/p'\'' -e '\''s/^[ABCDGIRSTW][ABCDGIRSTW]* .* \(.*\)$/  {"\1", (void *) \&\1},/p'\'''
lt_cv_sys_global_symbol_to_c_name_address_lib_prefix='sed -n -e '\''s/^: \(.*\) .*$/  {"\1", (void *) 0},/p'\'' -e '\''s/^[ABCDGIRSTW][ABCDGIRSTW]* .* \(lib.*\)$/  {"\1", (void *) \&\1},/p'\'' -e '\''s/^[ABCDGIRSTW][ABCDGIRSTW]* .* \(.*\)$/  {"lib\1", (void *) \&\1},/p'\'''
lt_cv_sys_global_symbol_to_cdecl='sed -n -e '\''s/^T .* \(.*\)$/extern int \1();/p'\'' -e '\''s/^[ABCDGIRSTW][ABCDGIRSTW]* .* \(.*\)$/extern char \1;/p'\'''
lt_cv_sys_global_symbol_to_import=
lt_cv_sys_max_cmd_len=1572864
lt_cv_to_host_file_cmd=func_convert_file_noop
lt_cv_to_tool_file_cmd=func_convert_file_noop
lt_cv_truncate_bin='/bin/dd bs=4096 count=1'
pkg_cv_CAIRO_CFLAGS='-I/usr/include/cairo -I/usr/include/glib-2.0 -I/usr/lib/x86_64-linux-gnu/glib-2.0/include -I/usr/include/pixman-1 -I/usr/include/freetype2 -I/usr/include/libpng12'
pkg_cv_CAIRO_LIBS=-lcairo
pkg_cv_GIO_CFLAGS='-pthread -I/usr/include/glib-2.0 -I/usr/lib/x86_64-linux-gnu/glib-2.0/include'
pkg_cv_GIO_LIBS='-lgio-2.0 -lgobject-2.0 -lglib-2.0'
pkg_cv_GLIB_CFLAGS='-I/usr/include/glib-2.0 -I/usr/lib/x86_64-linux-gnu/glib-2.0/include'
pkg_cv_GLIB_LIBS='-lgobject-2.0 -lglib-2.0'
pkg_cv_GSTREAMER_CFLAGS='-pthread -I/usr/include/gstreamer-1.0 -I/usr/lib/x86_64-linux-gnu/gstreamer-1.0/include -I/usr/include/glib-2.0 -I/usr/lib/x86_64-linux-gnu/glib-2.0/include'
pkg_cv_GSTREAMER_LIBS='-lgstvideo-1.0 -lgstbase-1.0 -lgstreamer-1.0 -lgobject-2.0 -lglib-2.0'
pkg_cv_GTK_CFLAGS='-pthread -I/usr/include/gtk-3.0 -I/usr/include/at-spi2-atk/2.0 -I/usr/include/at-spi-2.0 -I/usr/include/dbus-1.0 -I/usr/lib/x86_64-linux-gnu/dbus-1.0/include -I/usr/include/gtk-3.0 -I/usr/include/gio-unix-2.0/ -I/usr/include/mirclient -I/usr/include/mircore -I/usr/include/mircookie -I/usr/include/cairo -I/usr/include/pango-1.0 -I/usr/include/harfbuzz -I/usr/include/pango-1.0 -I/usr/include/atk-1.0 -I/usr/include/cairo -I/usr/include/pixman-1 -I/usr/include/freetype2 -I/usr/include/libpng12 -I/usr/include/gdk-pixbuf-2.0 -I/usr/include/libpng12 -I/usr/include/glib-2.0 -I/usr/lib/x86_64-linux-gnu/glib-2.0/include'
pkg_cv_GTK_LIBS='-lgtk-3 -lgdk-3 -lpangocairo-1.0 -lpango-1.0 -latk-1.0 -lcairo-gobject -lcairo -lgdk_pixbuf-2.0 -lgio-2.0 -lgobject-2.0 -lglib-2.0'
pkg_cv_LUA_CFLAGS=-I/usr/include/lua5.2
pkg_cv_LUA_LIBS=-llua5.2
pkg_cv_PANGO_CFLAGS='-I/usr/include/pango-1.0 -I/usr/include/harfbuzz -I/usr/include/pango-1.0 -I/usr/include/cairo -I/usr/include/glib-2.0 -I/usr/lib/x86_64-linux-gnu/glib-2.0/include -I/usr/include/pixman-1 -I/usr/include/freetype2 -I/usr/include/libpng12'
pkg_cv_PANGO_LIBS='-lpangocairo-1.0 -lpango-1.0 -lgobject-2.0 -lglib-2.0 -lcairo'
pkg_cv_SOUP_CFLAGS='-pthread -I/usr/include/libsoup-2.4 -I/usr/include/libxml2 -I/usr/include/glib-2.0 -I/usr/lib/x86_64-linux-gnu/glib-2.0/include'
pkg_cv_SOUP_LIBS='-lsoup-2.4 -lgio-2.0 -lgobject-2.0 -lglib-2.0'

## ----------------- ##
## Output variables. ##
## ----------------- ##

ACLOCAL='${SHELL} /home/osboxes/Desktop/nclua/build-aux/missing aclocal-1.15'
AMDEPBACKSLASH='\'
AMDEP_FALSE='#'
AMDEP_TRUE=''
AMTAR='$${TAR-tar}'
AM_BACKSLASH='\'
AM_DEFAULT_V='$(AM_DEFAULT_VERBOSITY)'
AM_DEFAULT_VERBOSITY='0'
AM_V='$(V)'
AR='ar'
AS='as'
AUTOCONF='${SHELL} /home/osboxes/Desktop/nclua/build-aux/missing autoconf'
AUTOHEADER='${SHELL} /home/osboxes/Desktop/nclua/build-aux/missing autoheader'
AUTOMAKE='${SHELL} /home/osboxes/Desktop/nclua/build-aux/missing automake-1.15'
AWK='mawk'
CAIRO_CFLAGS='-I/usr/include/cairo -I/usr/include/glib-2.0 -I/usr/lib/x86_64-linux-gnu/glib-2.0/include -I/usr/include/pixman-1 -I/usr/include/freetype2 -I/usr/include/libpng12'
CAIRO_LIBS='-lcairo'
CAIRO_REQUIRED_VERSION='1.10.2'
CC='gcc'
CCDEPMODE='depmode=gcc3'
CFLAGS='-g -O2 -pipe'
CFLAG_VISIBILITY='-fvisibility=hidden'
CPP='gcc -E'
CPPFLAGS=''
CURL_CFLAGS=''
CURL_LIBS=''
CYGPATH_W='echo'
DEFS='-DHAVE_CONFIG_H'
DEPDIR='.deps'
DLLTOOL='false'
DSYMUTIL=''
DUMPBIN=''
ECHO_C=''
ECHO_N='-n'
ECHO_T=''
EGREP='/bin/grep -E'
ENABLE_COVERAGE_FALSE=''
ENABLE_COVERAGE_TRUE='#'
ENABLE_DEBUG_FALSE=''
ENABLE_DEBUG_TRUE='#'
ENABLE_VALGRIND_FALSE=''
ENABLE_VALGRIND_TRUE='#'
ENABLE_WARNINGS_FALSE=''
ENABLE_WARNINGS_TRUE='#'
EXEEXT=''
FGREP='/bin/grep -F'
GENHTML=''
GIO_CFLAGS='-pthread -I/usr/include/glib-2.0 -I/usr/lib/x86_64-linux-gnu/glib-2.0/include'
GIO_LIBS='-lgio-2.0 -lgobject-2.0 -lglib-2.0'
GITLOG_FIX='build-aux/git-log-fix'
GITLOG_START_DATE='2014-04-08'
GITLOG_TO_CHANGELOG='build-aux/gitlog-to-changelog'
GLIB_CFLAGS='-I/usr/include/glib-2.0 -I/usr/lib/x86_64-linux-gnu/glib-2.0/include'
GLIB_LIBS='-lgobject-2.0 -lglib-2.0'
GLIB_REQUIRED_VERSION='2.32.4'
GREP='/bin/grep'
GSTREAMER_CFLAGS='-pthread -I/usr/include/gstreamer-1.0 -I/usr/lib/x86_64-linux-gnu/gstreamer-1.0/include -I/usr/include/glib-2.0 -I/usr/lib/x86_64-linux-gnu/glib-2.0/include'
GSTREAMER_LIBS='-lgstvideo-1.0 -lgstbase-1.0 -lgstreamer-1.0 -lgobject-2.0 -lglib-2.0'
GSTREAMER_REQUIRED_VERSION='1.4.0'
GTK_CFLAGS='-pthread -I/usr/include/gtk-3.0 -I/usr/include/at-spi2-atk/2.0 -I/usr/include/at-spi-2.0 -I/usr/include/dbus-1.0 -I/usr/lib/x86_64-linux-gnu/dbus-1.0/include -I/usr/include/gtk-3.0 -I/usr/include/gio-unix-2.0/ -I/usr/include/mirclient -I/usr/include/mircore -I/usr/include/mircookie -I/usr/include/cairo -I/usr/include/pango-1.0 -I/usr/include/harfbuzz -I/usr/include/pango-1.0 -I/usr/include/atk-1.0 -I/usr/include/cairo -I/usr/include/pixman-1 -I/usr/include/freetype2 -I/usr/include/libpng12 -I/usr/include/gdk-pixbuf-2.0 -I/usr/include/libpng12 -I/usr/include/glib-2.0 -I/usr/lib/x86_64-linux-gnu/glib-2.0/include'
GTK_LIBS='-lgtk-3 -lgdk-3 -lpangocairo-1.0 -lpango-1.0 -latk-1.0 -lcairo-gobject -lcairo -lgdk_pixbuf-2.0 -lgio-2.0 -lgobject-2.0 -lglib-2.0'
GTK_REQUIRED_VERSION='3.4.2'
HAVE_M4_FALSE='#'
HAVE_M4_TRUE=''
HAVE_MS_LIB_FALSE=''
HAVE_MS_LIB_TRUE='#'
HAVE_PERL_FALSE='#'
HAVE_PERL_TRUE=''
HAVE_VISIBILITY='1'
HAVE_VISIBILITY_FALSE='#'
HAVE_VISIBILITY_TRUE=''
INSTALL_DATA='${INSTALL} -m 644'
INSTALL_PROGRAM='${INSTALL}'
INSTALL_SCRIPT='${INSTALL}'
INSTALL_STRIP_PROGRAM='$(install_sh) -c -s'
LCOV=''
LD='/usr/bin/ld -m elf_x86_64'
LDFLAGS=''
LIBCULR_REQUIRED_VERSION='7.10.1'
LIBM='-lm'
LIBOBJS=''
LIBS=''
LIBTOOL='$(SHELL) $(top_builddir)/libtool'
LIB_EXE_MACHINE_FLAG=''
LIPO=''
LN_S='ln -s'
LTLIBOBJS=''
LT_MODULE_LDFLAGS='-shared -avoid-version'
LT_SYS_LIBRARY_PATH=''
LUA_CFLAGS='-I/usr/include/lua5.2'
LUA_LIBS='-llua5.2 -export-dynamic'
LUA_REQUIRED_VERSION='5.2'
LUA_VERSION='5.2'
M4='m4'
MAKEINFO='${SHELL} /home/osboxes/Desktop/nclua/build-aux/missing makeinfo'
MANIFEST_TOOL=':'
MINGW_ROOT=''
MKDIR_P='/bin/mkdir -p'
NCLUA_LIBTOOL_AGE='1'
NCLUA_LIBTOOL_CURRENT='1'
NCLUA_LIBTOOL_CURRENT_MINUS_AGE='0'
NCLUA_LIBTOOL_REVISION='0'
NCLUA_LIBTOOL_STRING='1:0:1'
NCLUA_VERSION_MAJOR='1'
NCLUA_VERSION_MICRO='229'
NCLUA_VERSION_MINOR='3'
NCLUA_VERSION_STRING='1.3.229-2d631-dirty'
NM='/usr/bin/nm -B'
NMEDIT=''
OBJDUMP='objdump'
OBJEXT='o'
OS_WIN32_FALSE=''
OS_WIN32_TRUE='#'
OS_WIN32_X64_FALSE=''
OS_WIN32_X64_TRUE='#'
OTOOL64=''
OTOOL=''
PACKAGE='nclua'
PACKAGE_BUGREPORT='alan@telemidia.puc-rio.br'
PACKAGE_NAME='NCLua'
PACKAGE_STRING='NCLua 1.3.229-2d631-dirty'
PACKAGE_TARNAME='nclua'
PACKAGE_URL='http://github.com/telemidia/nclua'
PACKAGE_VERSION='1.3.229-2d631-dirty'
PANGO_CFLAGS='-I/usr/include/pango-1.0 -I/usr/include/harfbuzz -I/usr/include/pango-1.0 -I/usr/include/cairo -I/usr/include/glib-2.0 -I/usr/lib/x86_64-linux-gnu/glib-2.0/include -I/usr/include/pixman-1 -I/usr/include/freetype2 -I/usr/include/libpng12'
PANGO_LIBS='-lpangocairo-1.0 -lpango-1.0 -lgobject-2.0 -lglib-2.0 -lcairo'
PANGO_REQUIRED_VERSION='1.30.0'
PATH_SEPARATOR=':'
PERL='perl'
PKG_CONFIG='/usr/bin/pkg-config'
PKG_CONFIG_LIBDIR=''
PKG_CONFIG_PATH=''
RANLIB='ranlib'
SED='/bin/sed'
SET_MAKE=''
SHELL='/bin/bash'
SHTOOL=''
SOEXT='.so'
SOUP_CFLAGS='-pthread -I/usr/include/libsoup-2.4 -I/usr/include/libxml2 -I/usr/include/glib-2.0 -I/usr/lib/x86_64-linux-gnu/glib-2.0/include'
SOUP_LIBS='-lsoup-2.4 -lgio-2.0 -lgobject-2.0 -lglib-2.0'
SOUP_REQUIRED_VERSION='2.42'
STRIP='strip'
VALGRIND=''
VERSION='1.3.229-2d631-dirty'
WARN_CFLAGS=''
WERROR_CFLAGS=''
WINDRES=''
WITH_CURL_FALSE=''
WITH_CURL_TRUE='#'
WITH_EVENT_GEOLOCATION_FALSE='#'
WITH_EVENT_GEOLOCATION_TRUE=''
WITH_EVENT_HTTP_FALSE=''
WITH_EVENT_HTTP_TRUE='#'
WITH_EVENT_TCP_FALSE='#'
WITH_EVENT_TCP_TRUE=''
WITH_GIO_FALSE='#'
WITH_GIO_TRUE=''
WITH_GSTREAMER_FALSE='#'
WITH_GSTREAMER_TRUE=''
WITH_GTK_FALSE='#'
WITH_GTK_TRUE=''
WITH_NCLUA_GST_FALSE='#'
WITH_NCLUA_GST_TRUE=''
WITH_NCLUA_GTK_FALSE='#'
WITH_NCLUA_GTK_TRUE=''
WITH_SOUP_FALSE='#'
WITH_SOUP_TRUE=''
ac_ct_AR='ar'
ac_ct_CC='gcc'
ac_ct_DUMPBIN=''
am__EXEEXT_FALSE=''
am__EXEEXT_TRUE='#'
am__fastdepCC_FALSE='#'
am__fastdepCC_TRUE=''
am__include='include'
am__isrc=''
am__leading_dot='.'
am__nodep='_no'
am__quote=''
am__tar='$${TAR-tar} chof - "$$tardir"'
am__untar='$${TAR-tar} xf -'
bindir='${exec_prefix}/bin'
build='x86_64-pc-linux-gnu'
build_alias=''
build_cpu='x86_64'
build_os='linux-gnu'
build_vendor='pc'
datadir='${datarootdir}'
datarootdir='${prefix}/share'
docdir='${datarootdir}/doc/${PACKAGE_TARNAME}'
dvidir='${docdir}'
exec_prefix='${prefix}'
gstpluginsdir='/usr/lib/x86_64-linux-gnu/gstreamer-1.0'
host='x86_64-pc-linux-gnu'
host_alias=''
host_cpu='x86_64'
host_os='linux-gnu'
host_vendor='pc'
htmldir='${docdir}'
includedir='${prefix}/include'
infodir='${datarootdir}/info'
install_sh='${SHELL} /home/osboxes/Desktop/nclua/build-aux/install-sh'
libdir='${exec_prefix}/lib'
libexecdir='${exec_prefix}/libexec'
localedir='${datarootdir}/locale'
localstatedir='${prefix}/var'
luadatadir='${datadir}/lua/5.2'
lualibdir='${libdir}/lua/5.2'
mandir='${datarootdir}/man'
mkdir_p='$(MKDIR_P)'
ms_lib=''
ncluadatadir='${datadir}/lua/5.2/nclua'
nclualibdir='${libdir}/lua/5.2/nclua'
oldincludedir='/usr/include'
pdfdir='${docdir}'
prefix='/usr/local'
program_transform_name='s,x,x,'
psdir='${docdir}'
runstatedir='${localstatedir}/run'
sbindir='${exec_prefix}/sbin'
sharedstatedir='${prefix}/com'
sysconfdir='${prefix}/etc'
target_alias=''

## ----------- ##
## confdefs.h. ##
## ----------- ##

/* confdefs.h */
#define PACKAGE_NAME "NCLua"
#define PACKAGE_TARNAME "nclua"
#define PACKAGE_VERSION "1.3.229-2d631-dirty"
#define PACKAGE_STRING "NCLua 1.3.229-2d631-dirty"
#define PACKAGE_BUGREPORT "alan@telemidia.puc-rio.br"
#define PACKAGE_URL "http://github.com/telemidia/nclua"
#define STDC_HEADERS 1
#define HAVE_SYS_TYPES_H 1
#define HAVE_SYS_STAT_H 1
#define HAVE_STDLIB_H 1
#define HAVE_STRING_H 1
#define HAVE_MEMORY_H 1
#define HAVE_STRINGS_H 1
#define HAVE_INTTYPES_H 1
#define HAVE_STDINT_H 1
#define HAVE_UNISTD_H 1
#define __EXTENSIONS__ 1
#define _ALL_SOURCE 1
#define _GNU_SOURCE 1
#define _POSIX_PTHREAD_SEMANTICS 1
#define _TANDEM_SOURCE 1
#define PACKAGE "nclua"
#define VERSION "1.3.229-2d631-dirty"
#define HAVE_DLFCN_H 1
#define LT_OBJDIR ".libs/"
#define HAVE_VISIBILITY 1
#define LT_MODULE_EXT ".so"
#define LUA_REQUIRED_VERSION 502
#define CAIRO_REQUIRED_MAJOR 1
#define CAIRO_REQUIRED_MINOR 10
#define CAIRO_REQUIRED_MICRO 2
#define GLIB_REQUIRED_MAJOR 2
#define GLIB_REQUIRED_MINOR 32
#define GLIB_REQUIRED_MICRO 4
#define PANGO_REQUIRED_MAJOR 1
#define PANGO_REQUIRED_MINOR 30
#define PANGO_REQUIRED_MICRO 0
#define WITH_GIO 1
#define WITH_EVENT_GEOLOCATION 1
#define SOUP_REQUIRED_MAJOR 2
#define SOUP_REQUIRED_MINOR 42
#define SOUP_REQUIRED_MICRO 0
#define WITH_SOUP 1
#define LIBCURL_REQUIRED_MAJOR 7
#define LIBCURL_REQUIRED_MINOR 10
#define LIBCURL_REQUIRED_MICRO 1
#define GSTREAMER_REQUIRED_MAJOR 1
#define GSTREAMER_REQUIRED_MINOR 4
#define GSTREAMER_REQUIRED_MICRO 0
#define WITH_GSTREAMER 1
#define GTK_REQUIRED_MAJOR 3
#define GTK_REQUIRED_MINOR 4
#define GTK_REQUIRED_MICRO 2
#define WITH_GTK 1

configure: exit 0

## ---------------------- ##
## Running config.status. ##
## ---------------------- ##

This file was extended by NCLua config.status 1.3.229-2d631-dirty, which was
generated by GNU Autoconf 2.69.  Invocation command line was

  CONFIG_FILES    = 
  CONFIG_HEADERS  = 
  CONFIG_LINKS    = 
  CONFIG_COMMANDS = 
  $ ./config.status 

on osboxes

config.status:1240: creating Makefile
config.status:1240: creating lib/Makefile
config.status:1240: creating lib/nclua.pc
config.status:1240: creating lib/nclua.rc
config.status:1240: creating lib/ncluaconf.h
config.status:1240: creating nclua/Makefile
config.status:1240: creating nclua/event/Makefile
config.status:1240: creating src/Makefile
config.status:1240: creating tests/Makefile
config.status:1240: creating lib/config.h
config.status:1421: lib/config.h is unchanged
config.status:1469: executing depfiles commands
config.status:1469: executing libtool commands

## ---------------------- ##
## Running config.status. ##
## ---------------------- ##

This file was extended by NCLua config.status 1.3.229-2d631-dirty, which was
generated by GNU Autoconf 2.69.  Invocation command line was

  CONFIG_FILES    = 
  CONFIG_HEADERS  = 
  CONFIG_LINKS    = 
  CONFIG_COMMANDS = 
  $ ./config.status lib/config.h

on osboxes

config.status:1240: creating lib/config.h
config.status:1421: lib/config.h is unchanged
